<?xml version="1.0" encoding="UTF-8" ?>
<testsuite errors="0" failures="0" hostname="LAPTOP-QPL61S7M" name="Model.DirectionTest" skipped="0" tests="16" time="0.244" timestamp="2021-01-03T21:05:54">
  <properties>
[...]
</properties>
  <testcase classname="Model.DirectionTest" name="testGetColumnDownLeft" time="0.002" />
  <testcase classname="Model.DirectionTest" name="testGetRowUp" time="0.0" />
  <testcase classname="Model.DirectionTest" name="testGetColumnUpRight" time="0.0" />
  <testcase classname="Model.DirectionTest" name="testGetRowDownRight" time="0.0" />
  <testcase classname="Model.DirectionTest" name="testGetColumnDown" time="0.0" />
  <testcase classname="Model.DirectionTest" name="testGetColumnLeft" time="0.001" />
  <testcase classname="Model.DirectionTest" name="testGetRowDownLeft" time="0.0" />
  <testcase classname="Model.DirectionTest" name="testGetRowUpRight" time="0.0" />
  <testcase classname="Model.DirectionTest" name="testGetColumnUp" time="0.0" />
  <testcase classname="Model.DirectionTest" name="testGetColumnUpLeft" time="0.0" />
  <testcase classname="Model.DirectionTest" name="testGetRowRight" time="0.0" />
  <testcase classname="Model.DirectionTest" name="testGetColumnRight" time="0.0" />
  <testcase classname="Model.DirectionTest" name="testGetRowDown" time="0.001" />
  <testcase classname="Model.DirectionTest" name="testGetRowLeft" time="0.0" />
  <testcase classname="Model.DirectionTest" name="testGetColumnDownRight" time="0.0" />
  <testcase classname="Model.DirectionTest" name="testGetRowUpLeft" time="0.001" />
  <system-out><![CDATA[]]></system-out>
  <system-err><![CDATA[]]></system-err>
</testsuite>
